[debug] [2025-04-22T09:09:35.217Z] ----------------------------------------------------------------------
[debug] [2025-04-22T09:09:35.220Z] Command:       C:\Program Files\nodejs\node.exe D:\Year1Term2\22-04-68\GitHubActionPractice\node_modules\firebase-tools\lib\bin\firebase.js init hosting
[debug] [2025-04-22T09:09:35.220Z] CLI Version:   14.2.0
[debug] [2025-04-22T09:09:35.220Z] Platform:      win32
[debug] [2025-04-22T09:09:35.220Z] Node Version:  v20.17.0
[debug] [2025-04-22T09:09:35.220Z] Time:          Tue Apr 22 2025 16:09:35 GMT+0700 (เวลาอินโดจีน)
[debug] [2025-04-22T09:09:35.221Z] ----------------------------------------------------------------------
[debug] 
[debug] [2025-04-22T09:09:35.394Z] > command requires scopes: ["email","openid","https://www.googleapis.com/auth/cloudplatformprojects.readonly","https://www.googleapis.com/auth/firebase","https://www.googleapis.com/auth/cloud-platform"]
[debug] [2025-04-22T09:09:35.394Z] > authorizing via signed-in user (60sec.md@gmail.com)
[info] 
     ######## #### ########  ######## ########     ###     ######  ########
     ##        ##  ##     ## ##       ##     ##  ##   ##  ##       ##
     ######    ##  ########  ######   ########  #########  ######  ######
     ##        ##  ##    ##  ##       ##     ## ##     ##       ## ##
     ##       #### ##     ## ######## ########  ##     ##  ######  ########

You're about to initialize a Firebase project in this directory:

  D:\Year1Term2\22-04-68\GitHubActionPractice

Before we get started, keep in mind:

  * You are initializing within an existing Firebase project directory

[info] 
=== Project Setup
[info] 
[info] First, let's associate this project directory with a Firebase project.
[info] You can create multiple project aliases by running firebase use --add, 
[info] but for now we'll just set up a default project.
[info] 
[debug] [2025-04-22T09:09:36.268Z] Using project from CLI flag: fireship-lessons
[debug] [2025-04-22T09:09:36.269Z] Checked if tokens are valid: true, expires at: 1745316446021
[debug] [2025-04-22T09:09:36.270Z] Checked if tokens are valid: true, expires at: 1745316446021
[debug] [2025-04-22T09:09:36.271Z] >>> [apiv2][query] GET https://firebase.googleapis.com/v1beta1/projects/fireship-lessons [none]
[debug] [2025-04-22T09:09:36.676Z] <<< [apiv2][status] GET https://firebase.googleapis.com/v1beta1/projects/fireship-lessons 403
[debug] [2025-04-22T09:09:36.677Z] <<< [apiv2][body] GET https://firebase.googleapis.com/v1beta1/projects/fireship-lessons {"error":{"code":403,"message":"The caller does not have permission","status":"PERMISSION_DENIED"}}
[debug] [2025-04-22T09:09:36.677Z] Request to https://firebase.googleapis.com/v1beta1/projects/fireship-lessons had HTTP Error: 403, The caller does not have permission
[debug] [2025-04-22T09:09:36.770Z] FirebaseError: Request to https://firebase.googleapis.com/v1beta1/projects/fireship-lessons had HTTP Error: 403, The caller does not have permission
    at responseToError (D:\Year1Term2\22-04-68\GitHubActionPractice\node_modules\firebase-tools\lib\responseToError.js:52:12)
    at RetryOperation._fn (D:\Year1Term2\22-04-68\GitHubActionPractice\node_modules\firebase-tools\lib\apiv2.js:312:77)
    at process.processTicksAndRejections (node:internal/process/task_queues:95:5)
[error] 
[error] Error: Failed to get Firebase project fireship-lessons. Please make sure the project exists and your account has permission to access it.
[debug] [2025-04-22T09:10:28.558Z] ----------------------------------------------------------------------
[debug] [2025-04-22T09:10:28.561Z] Command:       C:\Program Files\nodejs\node.exe D:\Year1Term2\22-04-68\GitHubActionPractice\node_modules\firebase-tools\lib\bin\firebase.js init hosting
[debug] [2025-04-22T09:10:28.561Z] CLI Version:   14.2.0
[debug] [2025-04-22T09:10:28.561Z] Platform:      win32
[debug] [2025-04-22T09:10:28.561Z] Node Version:  v20.17.0
[debug] [2025-04-22T09:10:28.562Z] Time:          Tue Apr 22 2025 16:10:28 GMT+0700 (เวลาอินโดจีน)
[debug] [2025-04-22T09:10:28.562Z] ----------------------------------------------------------------------
[debug] 
[debug] [2025-04-22T09:10:28.730Z] > command requires scopes: ["email","openid","https://www.googleapis.com/auth/cloudplatformprojects.readonly","https://www.googleapis.com/auth/firebase","https://www.googleapis.com/auth/cloud-platform"]
[debug] [2025-04-22T09:10:28.730Z] > authorizing via signed-in user (60sec.md@gmail.com)
[info] 
     ######## #### ########  ######## ########     ###     ######  ########
     ##        ##  ##     ## ##       ##     ##  ##   ##  ##       ##
     ######    ##  ########  ######   ########  #########  ######  ######
     ##        ##  ##    ##  ##       ##     ## ##     ##       ## ##
     ##       #### ##     ## ######## ########  ##     ##  ######  ########

You're about to initialize a Firebase project in this directory:

  D:\Year1Term2\22-04-68\GitHubActionPractice

Before we get started, keep in mind:

  * You are initializing within an existing Firebase project directory

[info] 
=== Project Setup
[info] 
[info] First, let's associate this project directory with a Firebase project.
[info] You can create multiple project aliases by running firebase use --add, 
[info] but for now we'll just set up a default project.
[info] 
[debug] [2025-04-22T09:10:29.458Z] Using project from CLI flag: fireship-lessons
[debug] [2025-04-22T09:10:29.460Z] Checked if tokens are valid: true, expires at: 1745316446021
[debug] [2025-04-22T09:10:29.460Z] Checked if tokens are valid: true, expires at: 1745316446021
[debug] [2025-04-22T09:10:29.462Z] >>> [apiv2][query] GET https://firebase.googleapis.com/v1beta1/projects/fireship-lessons [none]
[debug] [2025-04-22T09:10:30.154Z] <<< [apiv2][status] GET https://firebase.googleapis.com/v1beta1/projects/fireship-lessons 403
[debug] [2025-04-22T09:10:30.154Z] <<< [apiv2][body] GET https://firebase.googleapis.com/v1beta1/projects/fireship-lessons {"error":{"code":403,"message":"The caller does not have permission","status":"PERMISSION_DENIED"}}
[debug] [2025-04-22T09:10:30.155Z] Request to https://firebase.googleapis.com/v1beta1/projects/fireship-lessons had HTTP Error: 403, The caller does not have permission
[debug] [2025-04-22T09:10:30.389Z] FirebaseError: Request to https://firebase.googleapis.com/v1beta1/projects/fireship-lessons had HTTP Error: 403, The caller does not have permission
    at responseToError (D:\Year1Term2\22-04-68\GitHubActionPractice\node_modules\firebase-tools\lib\responseToError.js:52:12)
    at RetryOperation._fn (D:\Year1Term2\22-04-68\GitHubActionPractice\node_modules\firebase-tools\lib\apiv2.js:312:77)
    at process.processTicksAndRejections (node:internal/process/task_queues:95:5)
[error] 
[error] Error: Failed to get Firebase project fireship-lessons. Please make sure the project exists and your account has permission to access it.
