[debug] [2025-04-22T08:39:46.015Z] ----------------------------------------------------------------------
[debug] [2025-04-22T08:39:46.021Z] Command:       C:\Program Files\nodejs\node.exe D:\Year1Term2\22-04-68\GitHubActionPractice\node_modules\firebase-tools\lib\bin\firebase.js init hosting
[debug] [2025-04-22T08:39:46.021Z] CLI Version:   14.2.0
[debug] [2025-04-22T08:39:46.022Z] Platform:      win32
[debug] [2025-04-22T08:39:46.022Z] Node Version:  v20.17.0
[debug] [2025-04-22T08:39:46.022Z] Time:          Tue Apr 22 2025 15:39:46 GMT+0700 (เวลาอินโดจีน)
[debug] [2025-04-22T08:39:46.023Z] ----------------------------------------------------------------------
[debug] 
[debug] [2025-04-22T08:39:46.466Z] > command requires scopes: ["email","openid","https://www.googleapis.com/auth/cloudplatformprojects.readonly","https://www.googleapis.com/auth/firebase","https://www.googleapis.com/auth/cloud-platform"]
[debug] [2025-04-22T08:39:46.467Z] > authorizing via signed-in user (6733053621@student.chula.ac.th)
[info] 
     ######## #### ########  ######## ########     ###     ######  ########
     ##        ##  ##     ## ##       ##     ##  ##   ##  ##       ##
     ######    ##  ########  ######   ########  #########  ######  ######
     ##        ##  ##    ##  ##       ##     ## ##     ##       ## ##
     ##       #### ##     ## ######## ########  ##     ##  ######  ########

You're about to initialize a Firebase project in this directory:

  D:\Year1Term2\22-04-68\GitHubActionPractice

Before we get started, keep in mind:

  * You are initializing within an existing Firebase project directory

[info] 
=== Project Setup
[info] 
[info] First, let's associate this project directory with a Firebase project.
[info] You can create multiple project aliases by running firebase use --add, 
[info] but for now we'll just set up a default project.
[info] 
[debug] [2025-04-22T08:41:16.708Z] Using project from CLI flag: fireship-lessons
[debug] [2025-04-22T08:41:16.710Z] Checked if tokens are valid: true, expires at: 1745314756310
[debug] [2025-04-22T08:41:16.711Z] Checked if tokens are valid: true, expires at: 1745314756310
[debug] [2025-04-22T08:41:16.714Z] >>> [apiv2][query] GET https://firebase.googleapis.com/v1beta1/projects/fireship-lessons [none]
[debug] [2025-04-22T08:41:17.324Z] <<< [apiv2][status] GET https://firebase.googleapis.com/v1beta1/projects/fireship-lessons 403
[debug] [2025-04-22T08:41:17.324Z] <<< [apiv2][body] GET https://firebase.googleapis.com/v1beta1/projects/fireship-lessons {"error":{"code":403,"message":"The caller does not have permission","status":"PERMISSION_DENIED"}}
[debug] [2025-04-22T08:41:17.326Z] Request to https://firebase.googleapis.com/v1beta1/projects/fireship-lessons had HTTP Error: 403, The caller does not have permission
[debug] [2025-04-22T08:41:17.448Z] FirebaseError: Request to https://firebase.googleapis.com/v1beta1/projects/fireship-lessons had HTTP Error: 403, The caller does not have permission
    at responseToError (D:\Year1Term2\22-04-68\GitHubActionPractice\node_modules\firebase-tools\lib\responseToError.js:52:12)
    at RetryOperation._fn (D:\Year1Term2\22-04-68\GitHubActionPractice\node_modules\firebase-tools\lib\apiv2.js:312:77)
    at process.processTicksAndRejections (node:internal/process/task_queues:95:5)
[error] 
[error] Error: Failed to get Firebase project fireship-lessons. Please make sure the project exists and your account has permission to access it.
[debug] [2025-04-22T08:46:43.636Z] ----------------------------------------------------------------------
[debug] [2025-04-22T08:46:43.642Z] Command:       C:\Program Files\nodejs\node.exe D:\Year1Term2\22-04-68\GitHubActionPractice\node_modules\firebase-tools\lib\bin\firebase.js init emulators
[debug] [2025-04-22T08:46:43.642Z] CLI Version:   14.2.0
[debug] [2025-04-22T08:46:43.646Z] Platform:      win32
[debug] [2025-04-22T08:46:43.646Z] Node Version:  v20.17.0
[debug] [2025-04-22T08:46:43.647Z] Time:          Tue Apr 22 2025 15:46:43 GMT+0700 (เวลาอินโดจีน)
[debug] [2025-04-22T08:46:43.647Z] ----------------------------------------------------------------------
[debug] 
[debug] [2025-04-22T08:46:44.040Z] > command requires scopes: ["email","openid","https://www.googleapis.com/auth/cloudplatformprojects.readonly","https://www.googleapis.com/auth/firebase","https://www.googleapis.com/auth/cloud-platform"]
[debug] [2025-04-22T08:46:44.041Z] > authorizing via signed-in user (6733053621@student.chula.ac.th)
[info] 
     ######## #### ########  ######## ########     ###     ######  ########
     ##        ##  ##     ## ##       ##     ##  ##   ##  ##       ##
     ######    ##  ########  ######   ########  #########  ######  ######
     ##        ##  ##    ##  ##       ##     ## ##     ##       ## ##
     ##       #### ##     ## ######## ########  ##     ##  ######  ########

You're about to initialize a Firebase project in this directory:

  D:\Year1Term2\22-04-68\GitHubActionPractice

Before we get started, keep in mind:

  * You are initializing within an existing Firebase project directory

[info] 
=== Project Setup
[info] 
[info] First, let's associate this project directory with a Firebase project.
[info] You can create multiple project aliases by running firebase use --add, 
[info] but for now we'll just set up a default project.
[info] 
[debug] [2025-04-22T08:46:47.077Z] Using project from CLI flag: fireship-lessons
[debug] [2025-04-22T08:46:47.080Z] Checked if tokens are valid: true, expires at: 1745314756310
[debug] [2025-04-22T08:46:47.080Z] Checked if tokens are valid: true, expires at: 1745314756310
[debug] [2025-04-22T08:46:47.085Z] >>> [apiv2][query] GET https://firebase.googleapis.com/v1beta1/projects/fireship-lessons [none]
[debug] [2025-04-22T08:46:47.547Z] <<< [apiv2][status] GET https://firebase.googleapis.com/v1beta1/projects/fireship-lessons 403
[debug] [2025-04-22T08:46:47.548Z] <<< [apiv2][body] GET https://firebase.googleapis.com/v1beta1/projects/fireship-lessons {"error":{"code":403,"message":"The caller does not have permission","status":"PERMISSION_DENIED"}}
[debug] [2025-04-22T08:46:47.550Z] Request to https://firebase.googleapis.com/v1beta1/projects/fireship-lessons had HTTP Error: 403, The caller does not have permission
[debug] [2025-04-22T08:46:47.658Z] FirebaseError: Request to https://firebase.googleapis.com/v1beta1/projects/fireship-lessons had HTTP Error: 403, The caller does not have permission
    at responseToError (D:\Year1Term2\22-04-68\GitHubActionPractice\node_modules\firebase-tools\lib\responseToError.js:52:12)
    at RetryOperation._fn (D:\Year1Term2\22-04-68\GitHubActionPractice\node_modules\firebase-tools\lib\apiv2.js:312:77)
    at process.processTicksAndRejections (node:internal/process/task_queues:95:5)
[error] 
[error] Error: Failed to get Firebase project fireship-lessons. Please make sure the project exists and your account has permission to access it.
